2019-01-27 18:11:34,193 DEBUG No configuration found at `.pyre_configuration.local`.
2019-01-27 18:11:34,193 DEBUG No configuration found at `.pyre_configuration`.
2019-01-27 18:11:34,193 INFO No binary specified, looking for `pyre.bin` in PATH
2019-01-27 18:11:34,194 INFO Found: `/usr/local/bin/pyre.bin`
2019-01-27 18:11:34,194 INFO No typeshed specified, looking for it
2019-01-27 18:11:34,195 DEBUG Trying with: `/usr/local/lib/python3.6/dist-packages/pyre_check/pyre_check/typeshed/`
2019-01-27 18:11:34,195 DEBUG Trying with: `/usr/local/lib/python3.6/dist-packages/pyre_check/typeshed/`
2019-01-27 18:11:34,195 DEBUG Trying with: `/usr/local/lib/python3.6/pyre_check/typeshed/`
2019-01-27 18:11:34,195 DEBUG Trying with: `/usr/local/lib/pyre_check/typeshed/`
2019-01-27 18:11:34,195 INFO Found: `/usr/local/lib/pyre_check/typeshed/`
2019-01-27 18:11:34,196 WARNING Setting up a `.pyre_configuration` with `pyre init` may reduce overhead 

2019-01-27 18:11:34,197 DEBUG Running `/usr/local/bin/pyre.bin check -project-root /home/motorcode/Projects/pythonprojects/jams -filter-directories . -workers 1 -typeshed /usr/local/lib/pyre_check/typeshed/ /home/motorcode/Projects/pythonprojects/jams`
2019-01-27 18:11:34,319 INFO Finding type stubs in `/home/motorcode/Projects/pythonprojects/jams`...
2019-01-27 18:11:34,336 INFO Finding type stubs in `/usr/local/lib/pyre_check/typeshed/stdlib`...
2019-01-27 18:11:34,351 INFO Finding type stubs in `/usr/local/lib/pyre_check/typeshed/third_party`...
2019-01-27 18:11:34,460 INFO Parsing 765 stubs and external sources...
2019-01-27 18:11:37,289 PERFORMANCE Stubs parsed: 3.007326s
2019-01-27 18:11:37,395 INFO Parsing 10 sources in `/home/motorcode/Projects/pythonprojects/jams`...
2019-01-27 18:11:37,596 PERFORMANCE Sources parsed: 0.267868s
2019-01-27 18:11:37,596 PERFORMANCE Registered ignores: 0.041751s
2019-01-27 18:11:37,697 INFO Building type environment...
2019-01-27 18:11:38,808 PERFORMANCE Full environment built: 1.212460s
2019-01-27 18:11:38,909 INFO Inferring protocol implementations...
2019-01-27 18:11:39,059 PERFORMANCE Inferred protocol implementations: 0.229095s
2019-01-27 18:11:39,160 INFO Adding environment information to shared memory...
2019-01-27 18:11:39,536 PERFORMANCE Added environment to shared memory: 0.471594s
2019-01-27 18:11:39,577 MEMORY Shared memory size (size: 12)
2019-01-27 18:11:39,578 PERFORMANCE Filtered directories: 0.045912s
2019-01-27 18:11:39,580 INFO Checking 10 sources...
2019-01-27 18:11:39,685 INFO Running check `TypeCheck`...
2019-01-27 18:11:39,744 INFO Processed 10 of 10 sources
2019-01-27 18:11:39,748 PERFORMANCE Check_TypeCheck: 0.163798s
2019-01-27 18:11:39,785 PERFORMANCE Analyzed sources: 0.163844s
2019-01-27 18:11:39,806 PERFORMANCE Postprocessed: 0.043893s
2019-01-27 18:11:39,832 PERFORMANCE Check: 5.591496s
2019-01-27 18:11:39,836 ERROR Found 12 type errors!

2019-01-27 18:12:04,780 DEBUG No configuration found at `.pyre_configuration.local`.
2019-01-27 18:12:04,780 DEBUG No configuration found at `.pyre_configuration`.
2019-01-27 18:12:04,780 INFO No binary specified, looking for `pyre.bin` in PATH
2019-01-27 18:12:04,781 INFO Found: `/usr/local/bin/pyre.bin`
2019-01-27 18:12:04,781 INFO No typeshed specified, looking for it
2019-01-27 18:12:04,782 DEBUG Trying with: `/usr/local/lib/python3.6/dist-packages/pyre_check/pyre_check/typeshed/`
2019-01-27 18:12:04,782 DEBUG Trying with: `/usr/local/lib/python3.6/dist-packages/pyre_check/typeshed/`
2019-01-27 18:12:04,782 DEBUG Trying with: `/usr/local/lib/python3.6/pyre_check/typeshed/`
2019-01-27 18:12:04,782 DEBUG Trying with: `/usr/local/lib/pyre_check/typeshed/`
2019-01-27 18:12:04,782 INFO Found: `/usr/local/lib/pyre_check/typeshed/`
2019-01-27 18:12:04,783 WARNING Setting up a `.pyre_configuration` with `pyre init` may reduce overhead 

2019-01-27 18:12:04,783 DEBUG Running `/usr/local/bin/pyre.bin check -project-root /home/motorcode/Projects/pythonprojects/jams -filter-directories src/jams -workers 1 -typeshed /usr/local/lib/pyre_check/typeshed/ /home/motorcode/Projects/pythonprojects/jams/src/jams`
2019-01-27 18:12:04,813 INFO Finding type stubs in `/home/motorcode/Projects/pythonprojects/jams/src/jams`...
2019-01-27 18:12:04,818 INFO Finding type stubs in `/usr/local/lib/pyre_check/typeshed/stdlib`...
2019-01-27 18:12:04,823 INFO Finding type stubs in `/usr/local/lib/pyre_check/typeshed/third_party`...
2019-01-27 18:12:04,923 INFO Parsing 765 stubs and external sources...
2019-01-27 18:12:06,832 PERFORMANCE Stubs parsed: 1.970411s
2019-01-27 18:12:06,883 INFO Parsing 9 sources in `/home/motorcode/Projects/pythonprojects/jams/src/jams`...
2019-01-27 18:12:06,928 PERFORMANCE Sources parsed: 0.051103s
2019-01-27 18:12:06,928 PERFORMANCE Registered ignores: 0.043745s
2019-01-27 18:12:07,029 INFO Building type environment...
2019-01-27 18:12:08,157 PERFORMANCE Full environment built: 1.229632s
2019-01-27 18:12:08,258 INFO Inferring protocol implementations...
2019-01-27 18:12:08,409 PERFORMANCE Inferred protocol implementations: 0.230143s
2019-01-27 18:12:08,509 INFO Adding environment information to shared memory...
2019-01-27 18:12:08,833 PERFORMANCE Added environment to shared memory: 0.423401s
2019-01-27 18:12:08,873 MEMORY Shared memory size (size: 12)
2019-01-27 18:12:08,874 PERFORMANCE Filtered directories: 0.040619s
2019-01-27 18:12:08,874 INFO Checking 9 sources...
2019-01-27 18:12:08,976 INFO Running check `TypeCheck`...
2019-01-27 18:12:09,058 INFO Processed 9 of 9 sources
2019-01-27 18:12:09,064 PERFORMANCE Check_TypeCheck: 0.179804s
2019-01-27 18:12:09,101 PERFORMANCE Analyzed sources: 0.179870s
2019-01-27 18:12:09,120 PERFORMANCE Postprocessed: 0.047562s
2019-01-27 18:12:09,146 PERFORMANCE Check: 4.320419s
2019-01-27 18:12:09,146 ERROR Found 2 type errors!

